<?xml version="1.0" encoding="UTF-8"?>
<testsuite xmlns:xsi="http://www.w3.org/2001/XMLSchema-instance" xsi:noNamespaceSchemaLocation="https://maven.apache.org/surefire/maven-surefire-plugin/xsd/surefire-test-report.xsd" name="Project.CleanBee.LandingTest" time="101.189" tests="9" errors="0" skipped="0" failures="5">
  <properties>
    <property name="sun.desktop" value="windows"/>
    <property name="awt.toolkit" value="sun.awt.windows.WToolkit"/>
    <property name="file.encoding.pkg" value="sun.io"/>
    <property name="java.specification.version" value="1.8"/>
    <property name="sun.cpu.isalist" value="amd64"/>
    <property name="sun.jnu.encoding" value="Cp1252"/>
    <property name="java.class.path" value="C:\Users\Harmilap\eclipse-workspace\CleanBee\target\test-classes;C:\Users\Harmilap\eclipse-workspace\CleanBee\target\classes;C:\Users\Harmilap\.m2\repository\junit\junit\4.11\junit-4.11.jar;C:\Users\Harmilap\.m2\repository\org\hamcrest\hamcrest-core\1.3\hamcrest-core-1.3.jar;C:\Users\Harmilap\.m2\repository\org\testng\testng\7.3.0\testng-7.3.0.jar;C:\Users\Harmilap\.m2\repository\com\beust\jcommander\1.78\jcommander-1.78.jar;C:\Users\Harmilap\.m2\repository\org\apache\ant\ant\1.10.3\ant-1.10.3.jar;C:\Users\Harmilap\.m2\repository\org\apache\ant\ant-launcher\1.10.3\ant-launcher-1.10.3.jar;C:\Users\Harmilap\.m2\repository\com\google\inject\guice\4.2.2\guice-4.2.2-no_aop.jar;C:\Users\Harmilap\.m2\repository\javax\inject\javax.inject\1\javax.inject-1.jar;C:\Users\Harmilap\.m2\repository\aopalliance\aopalliance\1.0\aopalliance-1.0.jar;C:\Users\Harmilap\.m2\repository\org\yaml\snakeyaml\1.21\snakeyaml-1.21.jar;C:\Users\Harmilap\.m2\repository\org\seleniumhq\selenium\selenium-java\4.0.0-alpha-4\selenium-java-4.0.0-alpha-4.jar;C:\Users\Harmilap\.m2\repository\org\seleniumhq\selenium\selenium-api\4.0.0-alpha-4\selenium-api-4.0.0-alpha-4.jar;C:\Users\Harmilap\.m2\repository\org\seleniumhq\selenium\selenium-chrome-driver\4.0.0-alpha-4\selenium-chrome-driver-4.0.0-alpha-4.jar;C:\Users\Harmilap\.m2\repository\com\google\auto\service\auto-service-annotations\1.0-rc6\auto-service-annotations-1.0-rc6.jar;C:\Users\Harmilap\.m2\repository\com\google\auto\service\auto-service\1.0-rc6\auto-service-1.0-rc6.jar;C:\Users\Harmilap\.m2\repository\com\google\auto\auto-common\0.10\auto-common-0.10.jar;C:\Users\Harmilap\.m2\repository\org\seleniumhq\selenium\selenium-chromium-driver\4.0.0-alpha-4\selenium-chromium-driver-4.0.0-alpha-4.jar;C:\Users\Harmilap\.m2\repository\org\seleniumhq\selenium\selenium-devtools\4.0.0-alpha-4\selenium-devtools-4.0.0-alpha-4.jar;C:\Users\Harmilap\.m2\repository\org\seleniumhq\selenium\selenium-http\4.0.0-alpha-4\selenium-http-4.0.0-alpha-4.jar;C:\Users\Harmilap\.m2\repository\org\seleniumhq\selenium\selenium-json\4.0.0-alpha-4\selenium-json-4.0.0-alpha-4.jar;C:\Users\Harmilap\.m2\repository\org\seleniumhq\selenium\selenium-edge-driver\4.0.0-alpha-4\selenium-edge-driver-4.0.0-alpha-4.jar;C:\Users\Harmilap\.m2\repository\org\seleniumhq\selenium\selenium-edgehtml-driver\4.0.0-alpha-4\selenium-edgehtml-driver-4.0.0-alpha-4.jar;C:\Users\Harmilap\.m2\repository\org\seleniumhq\selenium\selenium-firefox-driver\4.0.0-alpha-4\selenium-firefox-driver-4.0.0-alpha-4.jar;C:\Users\Harmilap\.m2\repository\org\seleniumhq\selenium\selenium-firefox-xpi-driver\4.0.0-alpha-4\selenium-firefox-xpi-driver-4.0.0-alpha-4.jar;C:\Users\Harmilap\.m2\repository\org\seleniumhq\selenium\selenium-ie-driver\4.0.0-alpha-4\selenium-ie-driver-4.0.0-alpha-4.jar;C:\Users\Harmilap\.m2\repository\org\seleniumhq\selenium\selenium-opera-driver\4.0.0-alpha-4\selenium-opera-driver-4.0.0-alpha-4.jar;C:\Users\Harmilap\.m2\repository\org\seleniumhq\selenium\selenium-remote-driver\4.0.0-alpha-4\selenium-remote-driver-4.0.0-alpha-4.jar;C:\Users\Harmilap\.m2\repository\com\squareup\okhttp3\okhttp\4.3.0\okhttp-4.3.0.jar;C:\Users\Harmilap\.m2\repository\com\squareup\okio\okio\2.4.1\okio-2.4.1.jar;C:\Users\Harmilap\.m2\repository\org\jetbrains\kotlin\kotlin-stdlib-common\1.3.50\kotlin-stdlib-common-1.3.50.jar;C:\Users\Harmilap\.m2\repository\org\jetbrains\kotlin\kotlin-stdlib\1.3.61\kotlin-stdlib-1.3.61.jar;C:\Users\Harmilap\.m2\repository\org\jetbrains\annotations\13.0\annotations-13.0.jar;C:\Users\Harmilap\.m2\repository\com\typesafe\netty\netty-reactive-streams\2.0.4\netty-reactive-streams-2.0.4.jar;C:\Users\Harmilap\.m2\repository\io\netty\netty-handler\4.1.43.Final\netty-handler-4.1.43.Final.jar;C:\Users\Harmilap\.m2\repository\io\netty\netty-common\4.1.43.Final\netty-common-4.1.43.Final.jar;C:\Users\Harmilap\.m2\repository\io\netty\netty-buffer\4.1.43.Final\netty-buffer-4.1.43.Final.jar;C:\Users\Harmilap\.m2\repository\io\netty\netty-transport\4.1.43.Final\netty-transport-4.1.43.Final.jar;C:\Users\Harmilap\.m2\repository\io\netty\netty-codec\4.1.43.Final\netty-codec-4.1.43.Final.jar;C:\Users\Harmilap\.m2\repository\org\reactivestreams\reactive-streams\1.0.3\reactive-streams-1.0.3.jar;C:\Users\Harmilap\.m2\repository\io\opentracing\opentracing-api\0.33.0\opentracing-api-0.33.0.jar;C:\Users\Harmilap\.m2\repository\net\bytebuddy\byte-buddy\1.10.6\byte-buddy-1.10.6.jar;C:\Users\Harmilap\.m2\repository\org\apache\commons\commons-exec\1.3\commons-exec-1.3.jar;C:\Users\Harmilap\.m2\repository\org\asynchttpclient\async-http-client\2.10.4\async-http-client-2.10.4.jar;C:\Users\Harmilap\.m2\repository\org\asynchttpclient\async-http-client-netty-utils\2.10.4\async-http-client-netty-utils-2.10.4.jar;C:\Users\Harmilap\.m2\repository\io\netty\netty-codec-http\4.1.42.Final\netty-codec-http-4.1.42.Final.jar;C:\Users\Harmilap\.m2\repository\io\netty\netty-codec-socks\4.1.42.Final\netty-codec-socks-4.1.42.Final.jar;C:\Users\Harmilap\.m2\repository\io\netty\netty-handler-proxy\4.1.42.Final\netty-handler-proxy-4.1.42.Final.jar;C:\Users\Harmilap\.m2\repository\io\netty\netty-transport-native-epoll\4.1.42.Final\netty-transport-native-epoll-4.1.42.Final-linux-x86_64.jar;C:\Users\Harmilap\.m2\repository\io\netty\netty-transport-native-unix-common\4.1.42.Final\netty-transport-native-unix-common-4.1.42.Final.jar;C:\Users\Harmilap\.m2\repository\io\netty\netty-transport-native-kqueue\4.1.42.Final\netty-transport-native-kqueue-4.1.42.Final-osx-x86_64.jar;C:\Users\Harmilap\.m2\repository\io\netty\netty-resolver-dns\4.1.42.Final\netty-resolver-dns-4.1.42.Final.jar;C:\Users\Harmilap\.m2\repository\io\netty\netty-resolver\4.1.42.Final\netty-resolver-4.1.42.Final.jar;C:\Users\Harmilap\.m2\repository\io\netty\netty-codec-dns\4.1.42.Final\netty-codec-dns-4.1.42.Final.jar;C:\Users\Harmilap\.m2\repository\org\slf4j\slf4j-api\1.7.26\slf4j-api-1.7.26.jar;C:\Users\Harmilap\.m2\repository\com\sun\activation\javax.activation\1.2.0\javax.activation-1.2.0.jar;C:\Users\Harmilap\.m2\repository\org\seleniumhq\selenium\selenium-safari-driver\4.0.0-alpha-4\selenium-safari-driver-4.0.0-alpha-4.jar;C:\Users\Harmilap\.m2\repository\org\seleniumhq\selenium\selenium-support\4.0.0-alpha-4\selenium-support-4.0.0-alpha-4.jar;C:\Users\Harmilap\.m2\repository\io\cucumber\cucumber-testng\6.2.2\cucumber-testng-6.2.2.jar;C:\Users\Harmilap\.m2\repository\org\apiguardian\apiguardian-api\1.1.0\apiguardian-api-1.1.0.jar;C:\Users\Harmilap\.m2\repository\io\cucumber\cucumber-core\6.2.2\cucumber-core-6.2.2.jar;C:\Users\Harmilap\.m2\repository\io\cucumber\cucumber-gherkin\6.2.2\cucumber-gherkin-6.2.2.jar;C:\Users\Harmilap\.m2\repository\io\cucumber\cucumber-gherkin-messages\6.2.2\cucumber-gherkin-messages-6.2.2.jar;C:\Users\Harmilap\.m2\repository\io\cucumber\messages\12.2.0\messages-12.2.0.jar;C:\Users\Harmilap\.m2\repository\io\cucumber\tag-expressions\3.0.0\tag-expressions-3.0.0.jar;C:\Users\Harmilap\.m2\repository\io\cucumber\cucumber-expressions\10.2.1\cucumber-expressions-10.2.1.jar;C:\Users\Harmilap\.m2\repository\io\cucumber\datatable\3.3.1\datatable-3.3.1.jar;C:\Users\Harmilap\.m2\repository\io\cucumber\cucumber-plugin\6.2.2\cucumber-plugin-6.2.2.jar;C:\Users\Harmilap\.m2\repository\io\cucumber\docstring\6.2.2\docstring-6.2.2.jar;C:\Users\Harmilap\.m2\repository\io\cucumber\html-formatter\7.0.0\html-formatter-7.0.0.jar;C:\Users\Harmilap\.m2\repository\commons-io\commons-io\2.7\commons-io-2.7.jar;C:\Users\Harmilap\.m2\repository\com\google\guava\guava\29.0-jre\guava-29.0-jre.jar;C:\Users\Harmilap\.m2\repository\com\google\guava\failureaccess\1.0.1\failureaccess-1.0.1.jar;C:\Users\Harmilap\.m2\repository\com\google\guava\listenablefuture\9999.0-empty-to-avoid-conflict-with-guava\listenablefuture-9999.0-empty-to-avoid-conflict-with-guava.jar;C:\Users\Harmilap\.m2\repository\com\google\code\findbugs\jsr305\3.0.2\jsr305-3.0.2.jar;C:\Users\Harmilap\.m2\repository\org\checkerframework\checker-qual\2.11.1\checker-qual-2.11.1.jar;C:\Users\Harmilap\.m2\repository\com\google\errorprone\error_prone_annotations\2.3.4\error_prone_annotations-2.3.4.jar;C:\Users\Harmilap\.m2\repository\com\google\j2objc\j2objc-annotations\1.3\j2objc-annotations-1.3.jar;C:\Users\Harmilap\.m2\repository\io\cucumber\cucumber-java\6.2.2\cucumber-java-6.2.2.jar;C:\Users\Harmilap\.m2\repository\io\cucumber\cucumber-junit\6.2.2\cucumber-junit-6.2.2.jar;"/>
    <property name="java.vm.vendor" value="Oracle Corporation"/>
    <property name="sun.arch.data.model" value="64"/>
    <property name="user.variant" value=""/>
    <property name="java.vendor.url" value="http://java.oracle.com/"/>
    <property name="user.timezone" value="America/New_York"/>
    <property name="java.vm.specification.version" value="1.8"/>
    <property name="os.name" value="Windows 10"/>
    <property name="user.country" value="US"/>
    <property name="sun.java.launcher" value="SUN_STANDARD"/>
    <property name="sun.boot.library.path" value="C:\Program Files\Java\jdk1.8.0_251\jre\bin"/>
    <property name="sun.java.command" value="C:\Users\Harmilap\AppData\Local\Temp\surefire2839265252747589493\surefirebooter7099237942854848707.jar C:\Users\Harmilap\AppData\Local\Temp\surefire2839265252747589493 2020-08-06T07-51-31_901-jvmRun1 surefire9200390706239093777tmp surefire_05252538841559263812tmp"/>
    <property name="surefire.test.class.path" value="C:\Users\Harmilap\eclipse-workspace\CleanBee\target\test-classes;C:\Users\Harmilap\eclipse-workspace\CleanBee\target\classes;C:\Users\Harmilap\.m2\repository\junit\junit\4.11\junit-4.11.jar;C:\Users\Harmilap\.m2\repository\org\hamcrest\hamcrest-core\1.3\hamcrest-core-1.3.jar;C:\Users\Harmilap\.m2\repository\org\testng\testng\7.3.0\testng-7.3.0.jar;C:\Users\Harmilap\.m2\repository\com\beust\jcommander\1.78\jcommander-1.78.jar;C:\Users\Harmilap\.m2\repository\org\apache\ant\ant\1.10.3\ant-1.10.3.jar;C:\Users\Harmilap\.m2\repository\org\apache\ant\ant-launcher\1.10.3\ant-launcher-1.10.3.jar;C:\Users\Harmilap\.m2\repository\com\google\inject\guice\4.2.2\guice-4.2.2-no_aop.jar;C:\Users\Harmilap\.m2\repository\javax\inject\javax.inject\1\javax.inject-1.jar;C:\Users\Harmilap\.m2\repository\aopalliance\aopalliance\1.0\aopalliance-1.0.jar;C:\Users\Harmilap\.m2\repository\org\yaml\snakeyaml\1.21\snakeyaml-1.21.jar;C:\Users\Harmilap\.m2\repository\org\seleniumhq\selenium\selenium-java\4.0.0-alpha-4\selenium-java-4.0.0-alpha-4.jar;C:\Users\Harmilap\.m2\repository\org\seleniumhq\selenium\selenium-api\4.0.0-alpha-4\selenium-api-4.0.0-alpha-4.jar;C:\Users\Harmilap\.m2\repository\org\seleniumhq\selenium\selenium-chrome-driver\4.0.0-alpha-4\selenium-chrome-driver-4.0.0-alpha-4.jar;C:\Users\Harmilap\.m2\repository\com\google\auto\service\auto-service-annotations\1.0-rc6\auto-service-annotations-1.0-rc6.jar;C:\Users\Harmilap\.m2\repository\com\google\auto\service\auto-service\1.0-rc6\auto-service-1.0-rc6.jar;C:\Users\Harmilap\.m2\repository\com\google\auto\auto-common\0.10\auto-common-0.10.jar;C:\Users\Harmilap\.m2\repository\org\seleniumhq\selenium\selenium-chromium-driver\4.0.0-alpha-4\selenium-chromium-driver-4.0.0-alpha-4.jar;C:\Users\Harmilap\.m2\repository\org\seleniumhq\selenium\selenium-devtools\4.0.0-alpha-4\selenium-devtools-4.0.0-alpha-4.jar;C:\Users\Harmilap\.m2\repository\org\seleniumhq\selenium\selenium-http\4.0.0-alpha-4\selenium-http-4.0.0-alpha-4.jar;C:\Users\Harmilap\.m2\repository\org\seleniumhq\selenium\selenium-json\4.0.0-alpha-4\selenium-json-4.0.0-alpha-4.jar;C:\Users\Harmilap\.m2\repository\org\seleniumhq\selenium\selenium-edge-driver\4.0.0-alpha-4\selenium-edge-driver-4.0.0-alpha-4.jar;C:\Users\Harmilap\.m2\repository\org\seleniumhq\selenium\selenium-edgehtml-driver\4.0.0-alpha-4\selenium-edgehtml-driver-4.0.0-alpha-4.jar;C:\Users\Harmilap\.m2\repository\org\seleniumhq\selenium\selenium-firefox-driver\4.0.0-alpha-4\selenium-firefox-driver-4.0.0-alpha-4.jar;C:\Users\Harmilap\.m2\repository\org\seleniumhq\selenium\selenium-firefox-xpi-driver\4.0.0-alpha-4\selenium-firefox-xpi-driver-4.0.0-alpha-4.jar;C:\Users\Harmilap\.m2\repository\org\seleniumhq\selenium\selenium-ie-driver\4.0.0-alpha-4\selenium-ie-driver-4.0.0-alpha-4.jar;C:\Users\Harmilap\.m2\repository\org\seleniumhq\selenium\selenium-opera-driver\4.0.0-alpha-4\selenium-opera-driver-4.0.0-alpha-4.jar;C:\Users\Harmilap\.m2\repository\org\seleniumhq\selenium\selenium-remote-driver\4.0.0-alpha-4\selenium-remote-driver-4.0.0-alpha-4.jar;C:\Users\Harmilap\.m2\repository\com\squareup\okhttp3\okhttp\4.3.0\okhttp-4.3.0.jar;C:\Users\Harmilap\.m2\repository\com\squareup\okio\okio\2.4.1\okio-2.4.1.jar;C:\Users\Harmilap\.m2\repository\org\jetbrains\kotlin\kotlin-stdlib-common\1.3.50\kotlin-stdlib-common-1.3.50.jar;C:\Users\Harmilap\.m2\repository\org\jetbrains\kotlin\kotlin-stdlib\1.3.61\kotlin-stdlib-1.3.61.jar;C:\Users\Harmilap\.m2\repository\org\jetbrains\annotations\13.0\annotations-13.0.jar;C:\Users\Harmilap\.m2\repository\com\typesafe\netty\netty-reactive-streams\2.0.4\netty-reactive-streams-2.0.4.jar;C:\Users\Harmilap\.m2\repository\io\netty\netty-handler\4.1.43.Final\netty-handler-4.1.43.Final.jar;C:\Users\Harmilap\.m2\repository\io\netty\netty-common\4.1.43.Final\netty-common-4.1.43.Final.jar;C:\Users\Harmilap\.m2\repository\io\netty\netty-buffer\4.1.43.Final\netty-buffer-4.1.43.Final.jar;C:\Users\Harmilap\.m2\repository\io\netty\netty-transport\4.1.43.Final\netty-transport-4.1.43.Final.jar;C:\Users\Harmilap\.m2\repository\io\netty\netty-codec\4.1.43.Final\netty-codec-4.1.43.Final.jar;C:\Users\Harmilap\.m2\repository\org\reactivestreams\reactive-streams\1.0.3\reactive-streams-1.0.3.jar;C:\Users\Harmilap\.m2\repository\io\opentracing\opentracing-api\0.33.0\opentracing-api-0.33.0.jar;C:\Users\Harmilap\.m2\repository\net\bytebuddy\byte-buddy\1.10.6\byte-buddy-1.10.6.jar;C:\Users\Harmilap\.m2\repository\org\apache\commons\commons-exec\1.3\commons-exec-1.3.jar;C:\Users\Harmilap\.m2\repository\org\asynchttpclient\async-http-client\2.10.4\async-http-client-2.10.4.jar;C:\Users\Harmilap\.m2\repository\org\asynchttpclient\async-http-client-netty-utils\2.10.4\async-http-client-netty-utils-2.10.4.jar;C:\Users\Harmilap\.m2\repository\io\netty\netty-codec-http\4.1.42.Final\netty-codec-http-4.1.42.Final.jar;C:\Users\Harmilap\.m2\repository\io\netty\netty-codec-socks\4.1.42.Final\netty-codec-socks-4.1.42.Final.jar;C:\Users\Harmilap\.m2\repository\io\netty\netty-handler-proxy\4.1.42.Final\netty-handler-proxy-4.1.42.Final.jar;C:\Users\Harmilap\.m2\repository\io\netty\netty-transport-native-epoll\4.1.42.Final\netty-transport-native-epoll-4.1.42.Final-linux-x86_64.jar;C:\Users\Harmilap\.m2\repository\io\netty\netty-transport-native-unix-common\4.1.42.Final\netty-transport-native-unix-common-4.1.42.Final.jar;C:\Users\Harmilap\.m2\repository\io\netty\netty-transport-native-kqueue\4.1.42.Final\netty-transport-native-kqueue-4.1.42.Final-osx-x86_64.jar;C:\Users\Harmilap\.m2\repository\io\netty\netty-resolver-dns\4.1.42.Final\netty-resolver-dns-4.1.42.Final.jar;C:\Users\Harmilap\.m2\repository\io\netty\netty-resolver\4.1.42.Final\netty-resolver-4.1.42.Final.jar;C:\Users\Harmilap\.m2\repository\io\netty\netty-codec-dns\4.1.42.Final\netty-codec-dns-4.1.42.Final.jar;C:\Users\Harmilap\.m2\repository\org\slf4j\slf4j-api\1.7.26\slf4j-api-1.7.26.jar;C:\Users\Harmilap\.m2\repository\com\sun\activation\javax.activation\1.2.0\javax.activation-1.2.0.jar;C:\Users\Harmilap\.m2\repository\org\seleniumhq\selenium\selenium-safari-driver\4.0.0-alpha-4\selenium-safari-driver-4.0.0-alpha-4.jar;C:\Users\Harmilap\.m2\repository\org\seleniumhq\selenium\selenium-support\4.0.0-alpha-4\selenium-support-4.0.0-alpha-4.jar;C:\Users\Harmilap\.m2\repository\io\cucumber\cucumber-testng\6.2.2\cucumber-testng-6.2.2.jar;C:\Users\Harmilap\.m2\repository\org\apiguardian\apiguardian-api\1.1.0\apiguardian-api-1.1.0.jar;C:\Users\Harmilap\.m2\repository\io\cucumber\cucumber-core\6.2.2\cucumber-core-6.2.2.jar;C:\Users\Harmilap\.m2\repository\io\cucumber\cucumber-gherkin\6.2.2\cucumber-gherkin-6.2.2.jar;C:\Users\Harmilap\.m2\repository\io\cucumber\cucumber-gherkin-messages\6.2.2\cucumber-gherkin-messages-6.2.2.jar;C:\Users\Harmilap\.m2\repository\io\cucumber\messages\12.2.0\messages-12.2.0.jar;C:\Users\Harmilap\.m2\repository\io\cucumber\tag-expressions\3.0.0\tag-expressions-3.0.0.jar;C:\Users\Harmilap\.m2\repository\io\cucumber\cucumber-expressions\10.2.1\cucumber-expressions-10.2.1.jar;C:\Users\Harmilap\.m2\repository\io\cucumber\datatable\3.3.1\datatable-3.3.1.jar;C:\Users\Harmilap\.m2\repository\io\cucumber\cucumber-plugin\6.2.2\cucumber-plugin-6.2.2.jar;C:\Users\Harmilap\.m2\repository\io\cucumber\docstring\6.2.2\docstring-6.2.2.jar;C:\Users\Harmilap\.m2\repository\io\cucumber\html-formatter\7.0.0\html-formatter-7.0.0.jar;C:\Users\Harmilap\.m2\repository\commons-io\commons-io\2.7\commons-io-2.7.jar;C:\Users\Harmilap\.m2\repository\com\google\guava\guava\29.0-jre\guava-29.0-jre.jar;C:\Users\Harmilap\.m2\repository\com\google\guava\failureaccess\1.0.1\failureaccess-1.0.1.jar;C:\Users\Harmilap\.m2\repository\com\google\guava\listenablefuture\9999.0-empty-to-avoid-conflict-with-guava\listenablefuture-9999.0-empty-to-avoid-conflict-with-guava.jar;C:\Users\Harmilap\.m2\repository\com\google\code\findbugs\jsr305\3.0.2\jsr305-3.0.2.jar;C:\Users\Harmilap\.m2\repository\org\checkerframework\checker-qual\2.11.1\checker-qual-2.11.1.jar;C:\Users\Harmilap\.m2\repository\com\google\errorprone\error_prone_annotations\2.3.4\error_prone_annotations-2.3.4.jar;C:\Users\Harmilap\.m2\repository\com\google\j2objc\j2objc-annotations\1.3\j2objc-annotations-1.3.jar;C:\Users\Harmilap\.m2\repository\io\cucumber\cucumber-java\6.2.2\cucumber-java-6.2.2.jar;C:\Users\Harmilap\.m2\repository\io\cucumber\cucumber-junit\6.2.2\cucumber-junit-6.2.2.jar;"/>
    <property name="sun.cpu.endian" value="little"/>
    <property name="user.home" value="C:\Users\Harmilap"/>
    <property name="user.language" value="en"/>
    <property name="java.specification.vendor" value="Oracle Corporation"/>
    <property name="java.home" value="C:\Program Files\Java\jdk1.8.0_251\jre"/>
    <property name="basedir" value="C:\Users\Harmilap\eclipse-workspace\CleanBee"/>
    <property name="file.separator" value="\"/>
    <property name="line.separator" value="&#10;"/>
    <property name="java.vm.specification.vendor" value="Oracle Corporation"/>
    <property name="java.specification.name" value="Java Platform API Specification"/>
    <property name="java.awt.graphicsenv" value="sun.awt.Win32GraphicsEnvironment"/>
    <property name="surefire.real.class.path" value="C:\Users\Harmilap\AppData\Local\Temp\surefire2839265252747589493\surefirebooter7099237942854848707.jar"/>
    <property name="sun.boot.class.path" value="C:\Program Files\Java\jdk1.8.0_251\jre\lib\resources.jar;C:\Program Files\Java\jdk1.8.0_251\jre\lib\rt.jar;C:\Program Files\Java\jdk1.8.0_251\jre\lib\sunrsasign.jar;C:\Program Files\Java\jdk1.8.0_251\jre\lib\jsse.jar;C:\Program Files\Java\jdk1.8.0_251\jre\lib\jce.jar;C:\Program Files\Java\jdk1.8.0_251\jre\lib\charsets.jar;C:\Program Files\Java\jdk1.8.0_251\jre\lib\jfr.jar;C:\Program Files\Java\jdk1.8.0_251\jre\classes"/>
    <property name="user.script" value=""/>
    <property name="sun.management.compiler" value="HotSpot 64-Bit Tiered Compilers"/>
    <property name="java.runtime.version" value="1.8.0_251-b08"/>
    <property name="user.name" value="Harmilap"/>
    <property name="path.separator" value=";"/>
    <property name="os.version" value="10.0"/>
    <property name="java.endorsed.dirs" value="C:\Program Files\Java\jdk1.8.0_251\jre\lib\endorsed"/>
    <property name="java.runtime.name" value="Java(TM) SE Runtime Environment"/>
    <property name="file.encoding" value="Cp1252"/>
    <property name="java.vm.name" value="Java HotSpot(TM) 64-Bit Server VM"/>
    <property name="localRepository" value="C:\Users\Harmilap\.m2\repository"/>
    <property name="java.vendor.url.bug" value="http://bugreport.sun.com/bugreport/"/>
    <property name="java.io.tmpdir" value="C:\Users\Harmilap\AppData\Local\Temp\"/>
    <property name="java.version" value="1.8.0_251"/>
    <property name="user.dir" value="C:\Users\Harmilap\eclipse-workspace\CleanBee"/>
    <property name="os.arch" value="amd64"/>
    <property name="java.vm.specification.name" value="Java Virtual Machine Specification"/>
    <property name="java.awt.printerjob" value="sun.awt.windows.WPrinterJob"/>
    <property name="sun.os.patch.level" value=""/>
    <property name="java.library.path" value="C:\Program Files\Java\jdk1.8.0_251\jre\bin;C:\WINDOWS\Sun\Java\bin;C:\WINDOWS\system32;C:\WINDOWS;C:\Program Files\Java\jdk1.8.0_251\bin;C:\Program Files (x86)\Common Files\Oracle\Java\javapath;C:\ProgramData\Oracle\Java\javapath;c:\Program Files (x86)\Intel\iCLS Client\;c:\Program Files\Intel\iCLS Client\;C:\WINDOWS\system32;C:\WINDOWS;C:\WINDOWS\System32\Wbem;C:\WINDOWS\System32\WindowsPowerShell\v1.0\;C:\Program Files (x86)\Windows Live\Shared;C:\Program Files (x86)\NVIDIA Corporation\PhysX\Common;C:\WINDOWS\system32;C:\WINDOWS;C:\WINDOWS\System32\Wbem;C:\WINDOWS\System32\WindowsPowerShell\v1.0\;C:\Program Files (x86)\QuickTime\QTSystem\;C:\Program Files (x86)\Intel\Intel(R) Management Engine Components\DAL;C:\Program Files\Intel\Intel(R) Management Engine Components\DAL;C:\Program Files (x86)\Intel\Intel(R) Management Engine Components\IPT;C:\Program Files\Intel\Intel(R) Management Engine Components\IPT;C:\WINDOWS\System32\OpenSSH\;C:\Program Files\Intel\WiFi\bin\;C:\Program Files\Common Files\Intel\WirelessCommon\;C:\Users\Harmilap\AppData\Local\Android\Sdk\tools\bin;C:\Users\Harmilap\AppData\Local\Android\Sdk\tools;C:\Users\Harmilap\AppData\Local\Android\Sdk\platform-tools;C:\Program Files\nodejs\;C:\Program Files\nodejs\node_modules\npm\bin;C:\Users\Harmilap\Documents\Work\apache-maven-3.6.3\bin;C:\Program Files\Git\cmd;C:\Users\Harmilap\Documents\Work\apache-ant-1.10.8\bin;C:\Program Files\MySQL\MySQL Shell 8.0\bin\;C:\Users\Harmilap\AppData\Local\Microsoft\WindowsApps;C:\Program Files\Intel\WiFi\bin\;C:\Program Files\Common Files\Intel\WirelessCommon\;C:\Users\Harmilap\AppData\Roaming\npm;."/>
    <property name="java.vm.info" value="mixed mode"/>
    <property name="java.vendor" value="Oracle Corporation"/>
    <property name="java.vm.version" value="25.251-b08"/>
    <property name="java.ext.dirs" value="C:\Program Files\Java\jdk1.8.0_251\jre\lib\ext;C:\WINDOWS\Sun\Java\lib\ext"/>
    <property name="sun.io.unicode.encoding" value="UnicodeLittle"/>
    <property name="java.class.version" value="52.0"/>
  </properties>
  <testcase name="Cleaner" classname="Project.CleanBee.LandingTest" time="3.325">
    <failure message="Expected condition failed: waiting for alert to be present (tried for 2 second(s) with 500 milliseconds interval)&#10;Build info: version: &apos;4.0.0-alpha-4&apos;, revision: &apos;c2d955b49e&apos;&#10;System info: host: &apos;DELL-PC&apos;, ip: &apos;192.168.12.106&apos;, os.name: &apos;Windows 10&apos;, os.arch: &apos;amd64&apos;, os.version: &apos;10.0&apos;, java.version: &apos;1.8.0_251&apos;&#10;Driver info: org.openqa.selenium.firefox.FirefoxDriver&#10;Capabilities {acceptInsecureCerts: true, browserName: firefox, browserVersion: 76.0.1, javascriptEnabled: true, moz:accessibilityChecks: false, moz:buildID: 20200507114007, moz:geckodriverVersion: 0.26.0, moz:headless: false, moz:processID: 16932, moz:profile: C:\Users\Harmilap\AppData\L..., moz:shutdownTimeout: 60000, moz:useNonSpecCompliantPointerOrigin: false, moz:webdriverClick: true, pageLoadStrategy: normal, platform: WINDOWS, platformName: WINDOWS, platformVersion: 10.0, rotatable: false, setWindowRect: true, strictFileInteractability: false, timeouts: {implicit: 0, pageLoad: 300000, script: 30000}, unhandledPromptBehavior: dismiss and notify}&#10;Session ID: 86c2087b-7b01-43d0-9e44-ac7a634ef73d" type="org.openqa.selenium.TimeoutException">org.openqa.selenium.TimeoutException: 
Expected condition failed: waiting for alert to be present (tried for 2 second(s) with 500 milliseconds interval)
Build info: version: '4.0.0-alpha-4', revision: 'c2d955b49e'
System info: host: 'DELL-PC', ip: '192.168.12.106', os.name: 'Windows 10', os.arch: 'amd64', os.version: '10.0', java.version: '1.8.0_251'
Driver info: org.openqa.selenium.firefox.FirefoxDriver
Capabilities {acceptInsecureCerts: true, browserName: firefox, browserVersion: 76.0.1, javascriptEnabled: true, moz:accessibilityChecks: false, moz:buildID: 20200507114007, moz:geckodriverVersion: 0.26.0, moz:headless: false, moz:processID: 16932, moz:profile: C:\Users\Harmilap\AppData\L..., moz:shutdownTimeout: 60000, moz:useNonSpecCompliantPointerOrigin: false, moz:webdriverClick: true, pageLoadStrategy: normal, platform: WINDOWS, platformName: WINDOWS, platformVersion: 10.0, rotatable: false, setWindowRect: true, strictFileInteractability: false, timeouts: {implicit: 0, pageLoad: 300000, script: 30000}, unhandledPromptBehavior: dismiss and notify}
Session ID: 86c2087b-7b01-43d0-9e44-ac7a634ef73d
	at Project.CleanBee.LandingTest.Cleaner(LandingTest.java:60)
</failure>
    <system-err><![CDATA[SLF4J: Failed to load class "org.slf4j.impl.StaticLoggerBinder".
SLF4J: Defaulting to no-operation (NOP) logger implementation
SLF4J: See http://www.slf4j.org/codes.html#StaticLoggerBinder for further details.
1596714697871	mozrunner::runner	INFO	Running command: "C:\\Program Files\\Mozilla Firefox\\firefox.exe" "-marionette" "-foreground" "-no-remote" "-profile" "C:\\Users\\Harmilap\\AppData\\Local\\Temp\\rust_mozprofileBmmoMA"
1596714698469	addons.webextension.doh-rollout@mozilla.org	WARN	Loading extension 'doh-rollout@mozilla.org': Reading manifest: Invalid extension permission: networkStatus
1596714699137	addons.webextension.screenshots@mozilla.org	WARN	Loading extension 'screenshots@mozilla.org': Reading manifest: Invalid extension permission: mozillaAddons
1596714699137	addons.webextension.screenshots@mozilla.org	WARN	Loading extension 'screenshots@mozilla.org': Reading manifest: Invalid extension permission: telemetry
1596714699137	addons.webextension.screenshots@mozilla.org	WARN	Loading extension 'screenshots@mozilla.org': Reading manifest: Invalid extension permission: resource://pdf.js/
1596714699137	addons.webextension.screenshots@mozilla.org	WARN	Loading extension 'screenshots@mozilla.org': Reading manifest: Invalid extension permission: about:reader*
JavaScript error: resource://gre/modules/XULStore.jsm, line 66: Error: Can't find profile directory.
1596714701994	Marionette	INFO	Listening on port 64793
1596714702129	Marionette	WARN	TLS certificate errors will be ignored for this session
Aug 06, 2020 7:51:42 AM org.openqa.selenium.remote.ProtocolHandshake createSession
INFO: Detected dialect: W3C
]]></system-err>
  </testcase>
  <testcase name="Cleaner" classname="Project.CleanBee.LandingTest" time="3.443">
    <failure message="Expected condition failed: waiting for alert to be present (tried for 2 second(s) with 500 milliseconds interval)&#10;Build info: version: &apos;4.0.0-alpha-4&apos;, revision: &apos;c2d955b49e&apos;&#10;System info: host: &apos;DELL-PC&apos;, ip: &apos;192.168.12.106&apos;, os.name: &apos;Windows 10&apos;, os.arch: &apos;amd64&apos;, os.version: &apos;10.0&apos;, java.version: &apos;1.8.0_251&apos;&#10;Driver info: org.openqa.selenium.firefox.FirefoxDriver&#10;Capabilities {acceptInsecureCerts: true, browserName: firefox, browserVersion: 76.0.1, javascriptEnabled: true, moz:accessibilityChecks: false, moz:buildID: 20200507114007, moz:geckodriverVersion: 0.26.0, moz:headless: false, moz:processID: 19228, moz:profile: C:\Users\Harmilap\AppData\L..., moz:shutdownTimeout: 60000, moz:useNonSpecCompliantPointerOrigin: false, moz:webdriverClick: true, pageLoadStrategy: normal, platform: WINDOWS, platformName: WINDOWS, platformVersion: 10.0, rotatable: false, setWindowRect: true, strictFileInteractability: false, timeouts: {implicit: 0, pageLoad: 300000, script: 30000}, unhandledPromptBehavior: dismiss and notify}&#10;Session ID: 974e78f3-3cf1-451e-a921-6d8715f6fb37" type="org.openqa.selenium.TimeoutException">org.openqa.selenium.TimeoutException: 
Expected condition failed: waiting for alert to be present (tried for 2 second(s) with 500 milliseconds interval)
Build info: version: '4.0.0-alpha-4', revision: 'c2d955b49e'
System info: host: 'DELL-PC', ip: '192.168.12.106', os.name: 'Windows 10', os.arch: 'amd64', os.version: '10.0', java.version: '1.8.0_251'
Driver info: org.openqa.selenium.firefox.FirefoxDriver
Capabilities {acceptInsecureCerts: true, browserName: firefox, browserVersion: 76.0.1, javascriptEnabled: true, moz:accessibilityChecks: false, moz:buildID: 20200507114007, moz:geckodriverVersion: 0.26.0, moz:headless: false, moz:processID: 19228, moz:profile: C:\Users\Harmilap\AppData\L..., moz:shutdownTimeout: 60000, moz:useNonSpecCompliantPointerOrigin: false, moz:webdriverClick: true, pageLoadStrategy: normal, platform: WINDOWS, platformName: WINDOWS, platformVersion: 10.0, rotatable: false, setWindowRect: true, strictFileInteractability: false, timeouts: {implicit: 0, pageLoad: 300000, script: 30000}, unhandledPromptBehavior: dismiss and notify}
Session ID: 974e78f3-3cf1-451e-a921-6d8715f6fb37
	at Project.CleanBee.LandingTest.Cleaner(LandingTest.java:60)
</failure>
    <system-err><![CDATA[1596714707213	Marionette	INFO	Stopped listening on port 64793

###!!! [Child][RunMessage] Error: Channel closing: too late to send/recv, messages will be lost


###!!! [Child][MessageChannel::SendAndWait] Error: Channel error: cannot send/recv

1596714709391	mozrunner::runner	INFO	Running command: "C:\\Program Files\\Mozilla Firefox\\firefox.exe" "-marionette" "-foreground" "-no-remote" "-profile" "C:\\Users\\Harmilap\\AppData\\Local\\Temp\\rust_mozprofilegYO1X5"
1596714709843	addons.webextension.doh-rollout@mozilla.org	WARN	Loading extension 'doh-rollout@mozilla.org': Reading manifest: Invalid extension permission: networkStatus
1596714710488	addons.webextension.screenshots@mozilla.org	WARN	Loading extension 'screenshots@mozilla.org': Reading manifest: Invalid extension permission: mozillaAddons
1596714710489	addons.webextension.screenshots@mozilla.org	WARN	Loading extension 'screenshots@mozilla.org': Reading manifest: Invalid extension permission: telemetry
1596714710489	addons.webextension.screenshots@mozilla.org	WARN	Loading extension 'screenshots@mozilla.org': Reading manifest: Invalid extension permission: resource://pdf.js/
1596714710489	addons.webextension.screenshots@mozilla.org	WARN	Loading extension 'screenshots@mozilla.org': Reading manifest: Invalid extension permission: about:reader*
JavaScript error: resource://gre/modules/XULStore.jsm, line 66: Error: Can't find profile directory.
1596714713328	Marionette	INFO	Listening on port 64862
1596714713566	Marionette	WARN	TLS certificate errors will be ignored for this session
Aug 06, 2020 7:51:53 AM org.openqa.selenium.remote.ProtocolHandshake createSession
INFO: Detected dialect: W3C
]]></system-err>
  </testcase>
  <testcase name="Cleaner" classname="Project.CleanBee.LandingTest" time="1.206"/>
  <testcase name="ContactUs" classname="Project.CleanBee.LandingTest" time="0.919"/>
  <testcase name="HomeOwner" classname="Project.CleanBee.LandingTest" time="3.378">
    <failure message="Expected condition failed: waiting for alert to be present (tried for 2 second(s) with 500 milliseconds interval)&#10;Build info: version: &apos;4.0.0-alpha-4&apos;, revision: &apos;c2d955b49e&apos;&#10;System info: host: &apos;DELL-PC&apos;, ip: &apos;192.168.12.106&apos;, os.name: &apos;Windows 10&apos;, os.arch: &apos;amd64&apos;, os.version: &apos;10.0&apos;, java.version: &apos;1.8.0_251&apos;&#10;Driver info: org.openqa.selenium.firefox.FirefoxDriver&#10;Capabilities {acceptInsecureCerts: true, browserName: firefox, browserVersion: 76.0.1, javascriptEnabled: true, moz:accessibilityChecks: false, moz:buildID: 20200507114007, moz:geckodriverVersion: 0.26.0, moz:headless: false, moz:processID: 13588, moz:profile: C:\Users\Harmilap\AppData\L..., moz:shutdownTimeout: 60000, moz:useNonSpecCompliantPointerOrigin: false, moz:webdriverClick: true, pageLoadStrategy: normal, platform: WINDOWS, platformName: WINDOWS, platformVersion: 10.0, rotatable: false, setWindowRect: true, strictFileInteractability: false, timeouts: {implicit: 0, pageLoad: 300000, script: 30000}, unhandledPromptBehavior: dismiss and notify}&#10;Session ID: 56d53fcd-bdb0-4334-9947-a47c95d28e66" type="org.openqa.selenium.TimeoutException">org.openqa.selenium.TimeoutException: 
Expected condition failed: waiting for alert to be present (tried for 2 second(s) with 500 milliseconds interval)
Build info: version: '4.0.0-alpha-4', revision: 'c2d955b49e'
System info: host: 'DELL-PC', ip: '192.168.12.106', os.name: 'Windows 10', os.arch: 'amd64', os.version: '10.0', java.version: '1.8.0_251'
Driver info: org.openqa.selenium.firefox.FirefoxDriver
Capabilities {acceptInsecureCerts: true, browserName: firefox, browserVersion: 76.0.1, javascriptEnabled: true, moz:accessibilityChecks: false, moz:buildID: 20200507114007, moz:geckodriverVersion: 0.26.0, moz:headless: false, moz:processID: 13588, moz:profile: C:\Users\Harmilap\AppData\L..., moz:shutdownTimeout: 60000, moz:useNonSpecCompliantPointerOrigin: false, moz:webdriverClick: true, pageLoadStrategy: normal, platform: WINDOWS, platformName: WINDOWS, platformVersion: 10.0, rotatable: false, setWindowRect: true, strictFileInteractability: false, timeouts: {implicit: 0, pageLoad: 300000, script: 30000}, unhandledPromptBehavior: dismiss and notify}
Session ID: 56d53fcd-bdb0-4334-9947-a47c95d28e66
	at Project.CleanBee.LandingTest.HomeOwner(LandingTest.java:44)
</failure>
    <system-err><![CDATA[1596714738429	Marionette	INFO	Stopped listening on port 64997

###!!! [Child][RunMessage] Error: Channel closing: too late to send/recv, messages will be lost


###!!! [Child][MessageChannel::SendAndWait] Error: Channel error: cannot send/recv

1596714740921	mozrunner::runner	INFO	Running command: "C:\\Program Files\\Mozilla Firefox\\firefox.exe" "-marionette" "-foreground" "-no-remote" "-profile" "C:\\Users\\Harmilap\\AppData\\Local\\Temp\\rust_mozprofileprE7YT"
1596714741506	addons.webextension.doh-rollout@mozilla.org	WARN	Loading extension 'doh-rollout@mozilla.org': Reading manifest: Invalid extension permission: networkStatus
1596714742178	addons.webextension.screenshots@mozilla.org	WARN	Loading extension 'screenshots@mozilla.org': Reading manifest: Invalid extension permission: mozillaAddons
1596714742178	addons.webextension.screenshots@mozilla.org	WARN	Loading extension 'screenshots@mozilla.org': Reading manifest: Invalid extension permission: telemetry
1596714742178	addons.webextension.screenshots@mozilla.org	WARN	Loading extension 'screenshots@mozilla.org': Reading manifest: Invalid extension permission: resource://pdf.js/
1596714742178	addons.webextension.screenshots@mozilla.org	WARN	Loading extension 'screenshots@mozilla.org': Reading manifest: Invalid extension permission: about:reader*
JavaScript error: resource://gre/modules/XULStore.jsm, line 66: Error: Can't find profile directory.
1596714744952	Marionette	INFO	Listening on port 65065
1596714745105	Marionette	WARN	TLS certificate errors will be ignored for this session
Aug 06, 2020 7:52:25 AM org.openqa.selenium.remote.ProtocolHandshake createSession
INFO: Detected dialect: W3C
]]></system-err>
  </testcase>
  <testcase name="HomeOwner" classname="Project.CleanBee.LandingTest" time="3.397">
    <failure message="Expected condition failed: waiting for alert to be present (tried for 2 second(s) with 500 milliseconds interval)&#10;Build info: version: &apos;4.0.0-alpha-4&apos;, revision: &apos;c2d955b49e&apos;&#10;System info: host: &apos;DELL-PC&apos;, ip: &apos;192.168.12.106&apos;, os.name: &apos;Windows 10&apos;, os.arch: &apos;amd64&apos;, os.version: &apos;10.0&apos;, java.version: &apos;1.8.0_251&apos;&#10;Driver info: org.openqa.selenium.firefox.FirefoxDriver&#10;Capabilities {acceptInsecureCerts: true, browserName: firefox, browserVersion: 76.0.1, javascriptEnabled: true, moz:accessibilityChecks: false, moz:buildID: 20200507114007, moz:geckodriverVersion: 0.26.0, moz:headless: false, moz:processID: 22644, moz:profile: C:\Users\Harmilap\AppData\L..., moz:shutdownTimeout: 60000, moz:useNonSpecCompliantPointerOrigin: false, moz:webdriverClick: true, pageLoadStrategy: normal, platform: WINDOWS, platformName: WINDOWS, platformVersion: 10.0, rotatable: false, setWindowRect: true, strictFileInteractability: false, timeouts: {implicit: 0, pageLoad: 300000, script: 30000}, unhandledPromptBehavior: dismiss and notify}&#10;Session ID: 4a5e031d-dd1b-4355-91e8-eb60d9d7f8c7" type="org.openqa.selenium.TimeoutException">org.openqa.selenium.TimeoutException: 
Expected condition failed: waiting for alert to be present (tried for 2 second(s) with 500 milliseconds interval)
Build info: version: '4.0.0-alpha-4', revision: 'c2d955b49e'
System info: host: 'DELL-PC', ip: '192.168.12.106', os.name: 'Windows 10', os.arch: 'amd64', os.version: '10.0', java.version: '1.8.0_251'
Driver info: org.openqa.selenium.firefox.FirefoxDriver
Capabilities {acceptInsecureCerts: true, browserName: firefox, browserVersion: 76.0.1, javascriptEnabled: true, moz:accessibilityChecks: false, moz:buildID: 20200507114007, moz:geckodriverVersion: 0.26.0, moz:headless: false, moz:processID: 22644, moz:profile: C:\Users\Harmilap\AppData\L..., moz:shutdownTimeout: 60000, moz:useNonSpecCompliantPointerOrigin: false, moz:webdriverClick: true, pageLoadStrategy: normal, platform: WINDOWS, platformName: WINDOWS, platformVersion: 10.0, rotatable: false, setWindowRect: true, strictFileInteractability: false, timeouts: {implicit: 0, pageLoad: 300000, script: 30000}, unhandledPromptBehavior: dismiss and notify}
Session ID: 4a5e031d-dd1b-4355-91e8-eb60d9d7f8c7
	at Project.CleanBee.LandingTest.HomeOwner(LandingTest.java:44)
</failure>
    <system-err><![CDATA[1596714749925	Marionette	INFO	Stopped listening on port 65065

###!!! [Child][MessageChannel::SendAndWait] Error: Channel error: cannot send/recv

1596714752186	mozrunner::runner	INFO	Running command: "C:\\Program Files\\Mozilla Firefox\\firefox.exe" "-marionette" "-foreground" "-no-remote" "-profile" "C:\\Users\\Harmilap\\AppData\\Local\\Temp\\rust_mozprofileBxoIP6"
1596714752764	addons.webextension.doh-rollout@mozilla.org	WARN	Loading extension 'doh-rollout@mozilla.org': Reading manifest: Invalid extension permission: networkStatus
1596714753471	addons.webextension.screenshots@mozilla.org	WARN	Loading extension 'screenshots@mozilla.org': Reading manifest: Invalid extension permission: mozillaAddons
1596714753471	addons.webextension.screenshots@mozilla.org	WARN	Loading extension 'screenshots@mozilla.org': Reading manifest: Invalid extension permission: telemetry
1596714753471	addons.webextension.screenshots@mozilla.org	WARN	Loading extension 'screenshots@mozilla.org': Reading manifest: Invalid extension permission: resource://pdf.js/
1596714753471	addons.webextension.screenshots@mozilla.org	WARN	Loading extension 'screenshots@mozilla.org': Reading manifest: Invalid extension permission: about:reader*
JavaScript error: resource://gre/modules/XULStore.jsm, line 66: Error: Can't find profile directory.
1596714756094	Marionette	INFO	Listening on port 65131
1596714756363	Marionette	WARN	TLS certificate errors will be ignored for this session
Aug 06, 2020 7:52:36 AM org.openqa.selenium.remote.ProtocolHandshake createSession
INFO: Detected dialect: W3C
]]></system-err>
  </testcase>
  <testcase name="HomeOwner" classname="Project.CleanBee.LandingTest" time="3.327">
    <failure message="Expected condition failed: waiting for alert to be present (tried for 2 second(s) with 500 milliseconds interval)&#10;Build info: version: &apos;4.0.0-alpha-4&apos;, revision: &apos;c2d955b49e&apos;&#10;System info: host: &apos;DELL-PC&apos;, ip: &apos;192.168.12.106&apos;, os.name: &apos;Windows 10&apos;, os.arch: &apos;amd64&apos;, os.version: &apos;10.0&apos;, java.version: &apos;1.8.0_251&apos;&#10;Driver info: org.openqa.selenium.firefox.FirefoxDriver&#10;Capabilities {acceptInsecureCerts: true, browserName: firefox, browserVersion: 76.0.1, javascriptEnabled: true, moz:accessibilityChecks: false, moz:buildID: 20200507114007, moz:geckodriverVersion: 0.26.0, moz:headless: false, moz:processID: 20700, moz:profile: C:\Users\Harmilap\AppData\L..., moz:shutdownTimeout: 60000, moz:useNonSpecCompliantPointerOrigin: false, moz:webdriverClick: true, pageLoadStrategy: normal, platform: WINDOWS, platformName: WINDOWS, platformVersion: 10.0, rotatable: false, setWindowRect: true, strictFileInteractability: false, timeouts: {implicit: 0, pageLoad: 300000, script: 30000}, unhandledPromptBehavior: dismiss and notify}&#10;Session ID: 00f145d6-3ebb-438e-bf98-0a13fce02444" type="org.openqa.selenium.TimeoutException">org.openqa.selenium.TimeoutException: 
Expected condition failed: waiting for alert to be present (tried for 2 second(s) with 500 milliseconds interval)
Build info: version: '4.0.0-alpha-4', revision: 'c2d955b49e'
System info: host: 'DELL-PC', ip: '192.168.12.106', os.name: 'Windows 10', os.arch: 'amd64', os.version: '10.0', java.version: '1.8.0_251'
Driver info: org.openqa.selenium.firefox.FirefoxDriver
Capabilities {acceptInsecureCerts: true, browserName: firefox, browserVersion: 76.0.1, javascriptEnabled: true, moz:accessibilityChecks: false, moz:buildID: 20200507114007, moz:geckodriverVersion: 0.26.0, moz:headless: false, moz:processID: 20700, moz:profile: C:\Users\Harmilap\AppData\L..., moz:shutdownTimeout: 60000, moz:useNonSpecCompliantPointerOrigin: false, moz:webdriverClick: true, pageLoadStrategy: normal, platform: WINDOWS, platformName: WINDOWS, platformVersion: 10.0, rotatable: false, setWindowRect: true, strictFileInteractability: false, timeouts: {implicit: 0, pageLoad: 300000, script: 30000}, unhandledPromptBehavior: dismiss and notify}
Session ID: 00f145d6-3ebb-438e-bf98-0a13fce02444
	at Project.CleanBee.LandingTest.HomeOwner(LandingTest.java:44)
</failure>
    <system-err><![CDATA[1596714761246	Marionette	INFO	Stopped listening on port 65131

###!!! [Child][RunMessage] Error: Channel closing: too late to send/recv, messages will be lost


###!!! [Child][MessageChannel::SendAndWait] Error: Channel error: cannot send/recv

1596714763701	mozrunner::runner	INFO	Running command: "C:\\Program Files\\Mozilla Firefox\\firefox.exe" "-marionette" "-foreground" "-no-remote" "-profile" "C:\\Users\\Harmilap\\AppData\\Local\\Temp\\rust_mozprofileNLFREb"
1596714764297	addons.webextension.doh-rollout@mozilla.org	WARN	Loading extension 'doh-rollout@mozilla.org': Reading manifest: Invalid extension permission: networkStatus
1596714765160	addons.webextension.screenshots@mozilla.org	WARN	Loading extension 'screenshots@mozilla.org': Reading manifest: Invalid extension permission: mozillaAddons
1596714765160	addons.webextension.screenshots@mozilla.org	WARN	Loading extension 'screenshots@mozilla.org': Reading manifest: Invalid extension permission: telemetry
1596714765160	addons.webextension.screenshots@mozilla.org	WARN	Loading extension 'screenshots@mozilla.org': Reading manifest: Invalid extension permission: resource://pdf.js/
1596714765160	addons.webextension.screenshots@mozilla.org	WARN	Loading extension 'screenshots@mozilla.org': Reading manifest: Invalid extension permission: about:reader*
JavaScript error: resource://gre/modules/XULStore.jsm, line 66: Error: Can't find profile directory.
1596714768231	Marionette	INFO	Listening on port 65202
1596714768684	Marionette	WARN	TLS certificate errors will be ignored for this session
Aug 06, 2020 7:52:48 AM org.openqa.selenium.remote.ProtocolHandshake createSession
INFO: Detected dialect: W3C
]]></system-err>
  </testcase>
  <testcase name="Privacy" classname="Project.CleanBee.LandingTest" time="0.39"/>
  <testcase name="Terms" classname="Project.CleanBee.LandingTest" time="0.382"/>
</testsuite>