<?xml version="1.0" encoding="UTF-8"?>
<!-- Generated by org.testng.reporters.JUnitReportReporter -->
<testsuite skipped="0" hostname="DELL-PC" name="runner.TestRunner" tests="6" failures="0" timestamp="2020-08-06T10:34:45 EDT" time="50.140" errors="0">
  <testcase name="runScenario" time="7.584" classname="runner.TestRunner"/>
  <system-out/>
  <testcase name="runScenario" time="7.330" classname="runner.TestRunner"/>
  <system-out/>
  <testcase name="runScenario" time="9.650" classname="runner.TestRunner"/>
  <system-out/>
  <testcase name="runScenario" time="8.963" classname="runner.TestRunner"/>
  <system-out/>
  <testcase name="runScenario" time="7.048" classname="runner.TestRunner"/>
  <system-out/>
  <testcase name="runScenario" time="9.565" classname="runner.TestRunner"/>
  <system-out/>
</testsuite> <!-- runner.TestRunner -->
